Arguments: 
  /home/joseac/.nvm/versions/node/v20.8.0/bin/node /usr/bin/yarn

PATH: 
  /home/joseac/.nvm/versions/node/v20.8.0/bin:/home/joseac/.local/bin:/usr/local/bin:/usr/bin:/bin:/usr/local/sbin:/var/lib/flatpak/exports/bin:/usr/lib/jvm/default/bin:/usr/bin/site_perl:/usr/bin/vendor_perl:/usr/bin/core_perl:/home/joseac/.dotnet/dotnet:/home/joseac/.dotnet:/home/joseac/.dotnet/tools

Yarn version: 
  1.22.19

Node version: 
  20.8.0

Platform: 
  linux x64

Trace: 
  AggregateError
      at internalConnectMultiple (node:net:1114:18)
      at internalConnectMultiple (node:net:1177:5)
      at Timeout.internalConnectMultipleTimeout (node:net:1687:3)
      at listOnTimeout (node:internal/timers:575:11)
      at process.processTimers (node:internal/timers:514:7)

npm manifest: 
  {
    "private": true,
    "scripts": {
      "build": "next build",
      "dev": "next dev",
      "prettier": "prettier --write --ignore-unknown .",
      "prettier:check": "prettier --check --ignore-unknown .",
      "start": "next start"
    },
    "dependencies": {
      "@heroicons/react": "^2.0.18",
      "@tailwindcss/forms": "^0.5.7",
      "@types/node": "20.5.7",
      "@vercel/postgres": "^0.5.0",
      "autoprefixer": "10.4.15",
      "bcrypt": "^5.1.1",
      "clsx": "^2.0.0",
      "next": "^14.0.2",
      "postcss": "8.4.31",
      "react": "18.2.0",
      "react-dom": "18.2.0",
      "tailwindcss": "3.3.3",
      "typescript": "5.2.2",
      "zod": "^3.22.2"
    },
    "devDependencies": {
      "@types/bcrypt": "^5.0.1",
      "@types/react": "18.2.21",
      "@types/react-dom": "18.2.14",
      "@vercel/style-guide": "^5.0.1",
      "dotenv": "^16.3.1",
      "eslint": "^8.52.0",
      "eslint-config-next": "^14.0.0",
      "eslint-config-prettier": "9.0.0",
      "prettier": "^3.0.3",
      "prettier-plugin-tailwindcss": "0.5.4"
    },
    "engines": {
      "node": ">=18.17.0"
    }
  }

yarn manifest: 
  No manifest

Lockfile: 
  No lockfile
